    WARNING: @ (U+0040) is already defined more than once on the keyboard (on VK_2, ShiftState 'Shift' and VK_2, ShiftState 'Base').
    WARNING: @ (U+0040) is already defined more than once on the keyboard (on VK_2, ShiftState 'Ctl+Alt' and VK_2, ShiftState 'Base').
    WARNING: # (U+0023) is already defined more than once on the keyboard (on VK_3, ShiftState 'Shift' and VK_3, ShiftState 'Base').
    WARNING: # (U+0023) is already defined more than once on the keyboard (on VK_3, ShiftState 'Ctl+Alt' and VK_3, ShiftState 'Base').
    WARNING: $ (U+0024) is already defined more than once on the keyboard (on VK_4, ShiftState 'Shift' and VK_4, ShiftState 'Base').
    WARNING: $ (U+0024) is already defined more than once on the keyboard (on VK_4, ShiftState 'Ctl+Alt' and VK_4, ShiftState 'Base').
    WARNING: 0 (U+0030) is already defined more than once on the keyboard (on VK_A, ShiftState 'Shift+Ctl+Alt' and VK_A, ShiftState 'Ctl+Alt').
    WARNING: 3 (U+0033) is already defined more than once on the keyboard (on VK_C, ShiftState 'Shift+Ctl+Alt' and VK_C, ShiftState 'Ctl+Alt').
    WARNING: 5 (U+0035) is already defined more than once on the keyboard (on VK_D, ShiftState 'Shift+Ctl+Alt' and VK_D, ShiftState 'Ctl+Alt').
    WARNING: 8 (U+0038) is already defined more than once on the keyboard (on VK_E, ShiftState 'Shift+Ctl+Alt' and VK_E, ShiftState 'Ctl+Alt').
    WARNING: 6 (U+0036) is already defined more than once on the keyboard (on VK_F, ShiftState 'Shift+Ctl+Alt' and VK_F, ShiftState 'Ctl+Alt').
    WARNING: The character π (U+03c0) exists in the entry for VK_J, ShiftState 'Ctl+Alt' of the layout table and is not in the default system code page (1252) of the English (United States) language you specified. This may cause compatibility problems in non-Unicode applications.
    WARNING: The character ∀ (U+2200) exists in the entry for VK_J, ShiftState 'Shift+Ctl+Alt' of the layout table and is not in the default system code page (1252) of the English (United States) language you specified. This may cause compatibility problems in non-Unicode applications.
    WARNING: The character ∈ (U+2208) exists in the entry for VK_K, ShiftState 'Shift+Ctl+Alt' of the layout table and is not in the default system code page (1252) of the English (United States) language you specified. This may cause compatibility problems in non-Unicode applications.
    WARNING: The code points ­≡ (U+00ad U+2261) exist in the entry for VK_L, ShiftState 'Shift+Ctl+Alt' of the ligature table and are not in the default system code page (1252) of the English (United States) language you specified. This may cause compatibility problems in non-Unicode applications.
    WARNING: \ (U+005c) is already defined more than once on the keyboard (on VK_N, ShiftState 'Shift' and VK_N, ShiftState 'Base').
    WARNING: The character ∧ (U+2227) exists in the entry for VK_P, ShiftState 'Shift+Ctl+Alt' of the layout table and is not in the default system code page (1252) of the English (United States) language you specified. This may cause compatibility problems in non-Unicode applications.
    WARNING: 9 (U+0039) is already defined more than once on the keyboard (on VK_R, ShiftState 'Shift+Ctl+Alt' and VK_R, ShiftState 'Ctl+Alt').
    WARNING: 4 (U+0034) is already defined more than once on the keyboard (on VK_S, ShiftState 'Shift+Ctl+Alt' and VK_S, ShiftState 'Ctl+Alt').
    WARNING: The character √ (U+221a) exists in the entry for VK_U, ShiftState 'Ctl+Alt' of the layout table and is not in the default system code page (1252) of the English (United States) language you specified. This may cause compatibility problems in non-Unicode applications.
    WARNING: The character ∃ (U+2203) exists in the entry for VK_U, ShiftState 'Shift+Ctl+Alt' of the layout table and is not in the default system code page (1252) of the English (United States) language you specified. This may cause compatibility problems in non-Unicode applications.
    WARNING: 7 (U+0037) is already defined more than once on the keyboard (on VK_W, ShiftState 'Shift+Ctl+Alt' and VK_W, ShiftState 'Ctl+Alt').
    WARNING: 2 (U+0032) is already defined more than once on the keyboard (on VK_X, ShiftState 'Shift+Ctl+Alt' and VK_X, ShiftState 'Ctl+Alt').
    WARNING: 1 (U+0031) is already defined more than once on the keyboard (on VK_Z, ShiftState 'Shift+Ctl+Alt' and VK_Z, ShiftState 'Ctl+Alt').
    WARNING: The character ⋂ (U+22c2) exists in the entry for VK_OEM_1, ShiftState 'Shift+Ctl+Alt' of the layout table and is not in the default system code page (1252) of the English (United States) language you specified. This may cause compatibility problems in non-Unicode applications.
    WARNING: , (U+002c) is already defined more than once on the keyboard (on VK_OEM_PERIOD, ShiftState 'Ctl+Alt' and VK_OEM_PERIOD, ShiftState 'Base').
    WARNING: The character ≤ (U+2264) exists in the entry for VK_OEM_PERIOD, ShiftState 'Shift+Ctl+Alt' of the layout table and is not in the default system code page (1252) of the English (United States) language you specified. This may cause compatibility problems in non-Unicode applications.
    WARNING: The character ≥ (U+2265) exists in the entry for VK_OEM_2, ShiftState 'Shift+Ctl+Alt' of the layout table and is not in the default system code page (1252) of the English (United States) language you specified. This may cause compatibility problems in non-Unicode applications.
    WARNING:  (U+001b) is already defined more than once on the keyboard (on VK_OEM_3, ShiftState 'Shift' and VK_OEM_3, ShiftState 'Base').
    WARNING:  (U+001b) is already defined more than once on the keyboard (on VK_OEM_3, ShiftState 'Ctl+Alt' and VK_OEM_3, ShiftState 'Base').
    WARNING:  (U+001b) is already defined more than once on the keyboard (on VK_OEM_3, ShiftState 'Shift+Ctl+Alt' and VK_OEM_3, ShiftState 'Base').
    WARNING:  (U+001b) is already defined more than once on the keyboard (on VK_OEM_4, ShiftState 'Ctrl' and VK_OEM_3, ShiftState 'Base').
    WARNING: The character ∨ (U+2228) exists in the entry for VK_OEM_4, ShiftState 'Shift+Ctl+Alt' of the layout table and is not in the default system code page (1252) of the English (United States) language you specified. This may cause compatibility problems in non-Unicode applications.
    WARNING: The character ≈ (U+2248) exists in the entry for VK_OEM_6, ShiftState 'Shift+Ctl+Alt' of the layout table and is not in the default system code page (1252) of the English (United States) language you specified. This may cause compatibility problems in non-Unicode applications.
    WARNING: The character ⋃ (U+22c3) exists in the entry for VK_OEM_7, ShiftState 'Shift+Ctl+Alt' of the layout table and is not in the default system code page (1252) of the English (United States) language you specified. This may cause compatibility problems in non-Unicode applications.
